[ 2016-11-08T10:30:27+08:00 ] ::1 /carshop/index.php/mobile
INFO: [ app_init ] --START--
INFO: Run Behavior\BuildLiteBehavior [ RunTime:0.000000s ]
INFO: [ app_init ] --END-- [ RunTime:0.001000s ]
INFO: [ app_begin ] --START--
INFO: Run Behavior\ReadHtmlCacheBehavior [ RunTime:0.003000s ]
INFO: [ app_begin ] --END-- [ RunTime:0.003000s ]
SQL: SHOW COLUMNS FROM `cs_cate` [ RunTime:0.0190s ]
SQL: SELECT * FROM `cs_cate` WHERE ( pc=0 ) ORDER BY id asc  [ RunTime:0.0030s ]
SQL: SHOW COLUMNS FROM `cs_article` [ RunTime:0.0170s ]
SQL: SELECT `id`,`title`,`rizu`,`pic` FROM `cs_article` WHERE ( cateid=93 ) ORDER BY id desc LIMIT 4   [ RunTime:0.0010s ]
SQL: SELECT `id`,`title`,`des`,`pic`,`time` FROM `cs_article` WHERE ( cateid=92 ) ORDER BY id desc LIMIT 3   [ RunTime:0.0010s ]
SQL: SELECT `id`,`title`,`time` FROM `cs_article` WHERE ( cateid=94 ) ORDER BY id desc LIMIT 4   [ RunTime:0.0010s ]
SQL: SHOW COLUMNS FROM `cs_message` [ RunTime:0.0170s ]
SQL: SELECT * FROM `cs_message` WHERE ( type=0 ) ORDER BY id desc LIMIT 5   [ RunTime:0.0020s ]
INFO: [ view_parse ] --START--
INFO: [ template_filter ] --START--
INFO: Run Behavior\ContentReplaceBehavior [ RunTime:0.001000s ]
INFO: [ template_filter ] --END-- [ RunTime:0.001000s ]
INFO: Run Behavior\ParseTemplateBehavior [ RunTime:0.065004s ]
INFO: [ view_parse ] --END-- [ RunTime:0.065004s ]
INFO: [ view_filter ] --START--
INFO: Run Behavior\WriteHtmlCacheBehavior [ RunTime:0.002000s ]
INFO: [ view_filter ] --END-- [ RunTime:0.002000s ]
INFO: [ app_end ] --START--
INFO: Run Behavior\ShowPageTraceBehavior [ RunTime:0.004000s ]
INFO: [ app_end ] --END-- [ RunTime:0.004000s ]

[ 2016-11-08T10:30:38+08:00 ] ::1 /carshop/index.php/Mobile/carlist/index/cateid/92
INFO: [ app_init ] --START--
INFO: Run Behavior\BuildLiteBehavior [ RunTime:0.000000s ]
INFO: [ app_init ] --END-- [ RunTime:0.002000s ]
INFO: [ app_begin ] --START--
INFO: Run Behavior\ReadHtmlCacheBehavior [ RunTime:0.003000s ]
INFO: [ app_begin ] --END-- [ RunTime:0.003000s ]
SQL: SHOW COLUMNS FROM `cs_cate` [ RunTime:0.0180s ]
SQL: SELECT `name` FROM `cs_cate` WHERE `id` = 92 LIMIT 1   [ RunTime:0.0010s ]
SQL: SELECT * FROM `cs_cate` WHERE ( pc=0 ) ORDER BY id asc  [ RunTime:0.0020s ]
SQL: SHOW COLUMNS FROM `cs_article` [ RunTime:0.0180s ]
NOTIC: [8] Undefined variable: where D:\WWW\carshop\Application\Mobile\Controller\CarlistController.class.php 第 8 行.
SQL: SELECT COUNT(*) AS tp_count FROM `cs_article` LIMIT 1   [ RunTime:0.0010s ]
INFO: [ view_parse ] --START--
INFO: [ template_filter ] --START--
INFO: Run Behavior\ContentReplaceBehavior [ RunTime:0.001000s ]
INFO: [ template_filter ] --END-- [ RunTime:0.001000s ]
INFO: Run Behavior\ParseTemplateBehavior [ RunTime:0.041003s ]
INFO: [ view_parse ] --END-- [ RunTime:0.041003s ]
INFO: [ view_filter ] --START--
INFO: Run Behavior\WriteHtmlCacheBehavior [ RunTime:0.003000s ]
INFO: [ view_filter ] --END-- [ RunTime:0.003000s ]
INFO: [ app_end ] --START--
INFO: Run Behavior\ShowPageTraceBehavior [ RunTime:0.006000s ]
INFO: [ app_end ] --END-- [ RunTime:0.006000s ]

[ 2016-11-08T10:30:40+08:00 ] ::1 /carshop/index.php/Mobile/Carlist/getlist/p/1/cateid/92
INFO: [ app_init ] --START--
INFO: Run Behavior\BuildLiteBehavior [ RunTime:0.001000s ]
INFO: [ app_init ] --END-- [ RunTime:0.006000s ]
INFO: [ app_begin ] --START--
INFO: Run Behavior\ReadHtmlCacheBehavior [ RunTime:0.004000s ]
INFO: [ app_begin ] --END-- [ RunTime:0.005000s ]
SQL: SHOW COLUMNS FROM `cs_cate` [ RunTime:0.0180s ]
SQL: SELECT `name` FROM `cs_cate` WHERE `id` = 92 LIMIT 1   [ RunTime:0.0010s ]
SQL: SELECT * FROM `cs_cate` WHERE ( pc=0 ) ORDER BY id asc  [ RunTime:0.0020s ]
SQL: SHOW COLUMNS FROM `cs_article` [ RunTime:0.0180s ]
SQL: SELECT * FROM cs_article WHERE cateid=92 LIMIT 0,2 [ RunTime:0.0010s ]
INFO: [ app_end ] --START--
INFO: Run Behavior\ShowPageTraceBehavior [ RunTime:0.003000s ]
INFO: [ app_end ] --END-- [ RunTime:0.003000s ]

[ 2016-11-08T10:31:03+08:00 ] ::1 /carshop/index.php/Mobile/Carlist/getlist/p/1/cateid/92
INFO: [ app_init ] --START--
INFO: Run Behavior\BuildLiteBehavior [ RunTime:0.000000s ]
INFO: [ app_init ] --END-- [ RunTime:0.023001s ]
INFO: [ app_begin ] --START--
INFO: Run Behavior\ReadHtmlCacheBehavior [ RunTime:0.005001s ]
INFO: [ app_begin ] --END-- [ RunTime:0.005001s ]
SQL: SHOW COLUMNS FROM `cs_cate` [ RunTime:0.0190s ]
SQL: SELECT `name` FROM `cs_cate` WHERE `id` = 92 LIMIT 1   [ RunTime:0.0010s ]
SQL: SELECT * FROM `cs_cate` WHERE ( pc=0 ) ORDER BY id asc  [ RunTime:0.0020s ]
SQL: SHOW COLUMNS FROM `cs_article` [ RunTime:0.0190s ]
SQL: SELECT * FROM cs_article WHERE cateid=92 LIMIT 0,2 [ RunTime:0.0020s ]
INFO: [ app_end ] --START--
INFO: Run Behavior\ShowPageTraceBehavior [ RunTime:0.003000s ]
INFO: [ app_end ] --END-- [ RunTime:0.003000s ]

[ 2016-11-08T10:31:05+08:00 ] ::1 /carshop/index.php/Mobile/Page/index/cateid/89
INFO: [ app_init ] --START--
INFO: Run Behavior\BuildLiteBehavior [ RunTime:0.001000s ]
INFO: [ app_init ] --END-- [ RunTime:0.008001s ]
INFO: [ app_begin ] --START--
INFO: Run Behavior\ReadHtmlCacheBehavior [ RunTime:0.005001s ]
INFO: [ app_begin ] --END-- [ RunTime:0.005001s ]
SQL: SHOW COLUMNS FROM `cs_cate` [ RunTime:0.0190s ]
SQL: SELECT `name` FROM `cs_cate` WHERE `id` = 89 LIMIT 1   [ RunTime:0.0020s ]
SQL: SELECT * FROM `cs_cate` WHERE ( pc=0 ) ORDER BY id asc  [ RunTime:0.0020s ]
SQL: SELECT `content` FROM `cs_cate` WHERE `id` = 89 LIMIT 1   [ RunTime:0.0020s ]
INFO: [ view_parse ] --START--
INFO: [ template_filter ] --START--
INFO: Run Behavior\ContentReplaceBehavior [ RunTime:0.000000s ]
INFO: [ template_filter ] --END-- [ RunTime:0.001000s ]
INFO: Run Behavior\ParseTemplateBehavior [ RunTime:0.038002s ]
INFO: [ view_parse ] --END-- [ RunTime:0.038002s ]
INFO: [ view_filter ] --START--
INFO: Run Behavior\WriteHtmlCacheBehavior [ RunTime:0.002000s ]
INFO: [ view_filter ] --END-- [ RunTime:0.004000s ]
INFO: [ app_end ] --START--
INFO: Run Behavior\ShowPageTraceBehavior [ RunTime:0.003000s ]
INFO: [ app_end ] --END-- [ RunTime:0.004000s ]

[ 2016-11-08T10:31:10+08:00 ] ::1 /carshop/index.php/Mobile/Page/index/cateid/88
INFO: [ app_init ] --START--
INFO: Run Behavior\BuildLiteBehavior [ RunTime:0.000000s ]
INFO: [ app_init ] --END-- [ RunTime:0.002001s ]
INFO: [ app_begin ] --START--
INFO: Run Behavior\ReadHtmlCacheBehavior [ RunTime:0.003000s ]
INFO: [ app_begin ] --END-- [ RunTime:0.003000s ]
SQL: SHOW COLUMNS FROM `cs_cate` [ RunTime:0.0180s ]
SQL: SELECT `name` FROM `cs_cate` WHERE `id` = 88 LIMIT 1   [ RunTime:0.0010s ]
SQL: SELECT * FROM `cs_cate` WHERE ( pc=0 ) ORDER BY id asc  [ RunTime:0.0020s ]
SQL: SELECT `content` FROM `cs_cate` WHERE `id` = 88 LIMIT 1   [ RunTime:0.0010s ]
INFO: [ view_parse ] --START--
INFO: [ template_filter ] --START--
INFO: Run Behavior\ContentReplaceBehavior [ RunTime:0.000000s ]
INFO: [ template_filter ] --END-- [ RunTime:0.000000s ]
INFO: Run Behavior\ParseTemplateBehavior [ RunTime:0.039003s ]
INFO: [ view_parse ] --END-- [ RunTime:0.039003s ]
INFO: [ view_filter ] --START--
INFO: Run Behavior\WriteHtmlCacheBehavior [ RunTime:0.002000s ]
INFO: [ view_filter ] --END-- [ RunTime:0.002000s ]
INFO: [ app_end ] --START--
INFO: Run Behavior\ShowPageTraceBehavior [ RunTime:0.003000s ]
INFO: [ app_end ] --END-- [ RunTime:0.003000s ]

[ 2016-11-08T10:31:19+08:00 ] ::1 /carshop/index.php/mobile
INFO: [ app_init ] --START--
INFO: Run Behavior\BuildLiteBehavior [ RunTime:0.000000s ]
INFO: [ app_init ] --END-- [ RunTime:0.002000s ]
INFO: [ app_begin ] --START--
INFO: Run Behavior\ReadHtmlCacheBehavior [ RunTime:0.003000s ]
INFO: [ app_begin ] --END-- [ RunTime:0.003000s ]
SQL: SHOW COLUMNS FROM `cs_cate` [ RunTime:0.0180s ]
SQL: SELECT * FROM `cs_cate` WHERE ( pc=0 ) ORDER BY id asc  [ RunTime:0.0030s ]
SQL: SHOW COLUMNS FROM `cs_article` [ RunTime:0.0190s ]
SQL: SELECT `id`,`title`,`rizu`,`pic` FROM `cs_article` WHERE ( cateid=93 ) ORDER BY id desc LIMIT 4   [ RunTime:0.0010s ]
SQL: SELECT `id`,`title`,`des`,`pic`,`time` FROM `cs_article` WHERE ( cateid=92 ) ORDER BY id desc LIMIT 3   [ RunTime:0.0020s ]
SQL: SELECT `id`,`title`,`time` FROM `cs_article` WHERE ( cateid=94 ) ORDER BY id desc LIMIT 4   [ RunTime:0.0010s ]
SQL: SHOW COLUMNS FROM `cs_message` [ RunTime:0.0180s ]
SQL: SELECT * FROM `cs_message` WHERE ( type=0 ) ORDER BY id desc LIMIT 5   [ RunTime:0.0020s ]
INFO: [ view_parse ] --START--
INFO: [ template_filter ] --START--
INFO: Run Behavior\ContentReplaceBehavior [ RunTime:0.001000s ]
INFO: [ template_filter ] --END-- [ RunTime:0.001000s ]
INFO: Run Behavior\ParseTemplateBehavior [ RunTime:0.065003s ]
INFO: [ view_parse ] --END-- [ RunTime:0.067003s ]
INFO: [ view_filter ] --START--
INFO: Run Behavior\WriteHtmlCacheBehavior [ RunTime:0.002001s ]
INFO: [ view_filter ] --END-- [ RunTime:0.003001s ]
INFO: [ app_end ] --START--
INFO: Run Behavior\ShowPageTraceBehavior [ RunTime:0.003000s ]
INFO: [ app_end ] --END-- [ RunTime:0.004000s ]

[ 2016-11-08T10:31:28+08:00 ] ::1 /carshop/index.php/mobile
INFO: [ app_init ] --START--
INFO: Run Behavior\BuildLiteBehavior [ RunTime:0.001000s ]
INFO: [ app_init ] --END-- [ RunTime:0.003000s ]
INFO: [ app_begin ] --START--
INFO: Run Behavior\ReadHtmlCacheBehavior [ RunTime:0.003000s ]
INFO: [ app_begin ] --END-- [ RunTime:0.003000s ]
SQL: SHOW COLUMNS FROM `cs_cate` [ RunTime:0.0170s ]
SQL: SELECT * FROM `cs_cate` WHERE ( pc=0 ) ORDER BY id asc  [ RunTime:0.0020s ]
SQL: SHOW COLUMNS FROM `cs_article` [ RunTime:0.0180s ]
SQL: SELECT `id`,`title`,`rizu`,`pic` FROM `cs_article` WHERE ( cateid=93 ) ORDER BY id desc LIMIT 4   [ RunTime:0.0010s ]
SQL: SELECT `id`,`title`,`des`,`pic`,`time` FROM `cs_article` WHERE ( cateid=92 ) ORDER BY id desc LIMIT 3   [ RunTime:0.0030s ]
SQL: SELECT `id`,`title`,`time` FROM `cs_article` WHERE ( cateid=94 ) ORDER BY id desc LIMIT 4   [ RunTime:0.0010s ]
SQL: SHOW COLUMNS FROM `cs_message` [ RunTime:0.0170s ]
SQL: SELECT * FROM `cs_message` WHERE ( type=0 ) ORDER BY id desc LIMIT 5   [ RunTime:0.0010s ]
INFO: [ view_parse ] --START--
INFO: [ template_filter ] --START--
INFO: Run Behavior\ContentReplaceBehavior [ RunTime:0.001000s ]
INFO: [ template_filter ] --END-- [ RunTime:0.001000s ]
INFO: Run Behavior\ParseTemplateBehavior [ RunTime:0.067003s ]
INFO: [ view_parse ] --END-- [ RunTime:0.068004s ]
INFO: [ view_filter ] --START--
INFO: Run Behavior\WriteHtmlCacheBehavior [ RunTime:0.002000s ]
INFO: [ view_filter ] --END-- [ RunTime:0.002000s ]
INFO: [ app_end ] --START--
INFO: Run Behavior\ShowPageTraceBehavior [ RunTime:0.012000s ]
INFO: [ app_end ] --END-- [ RunTime:0.013000s ]

[ 2016-11-08T10:31:31+08:00 ] ::1 /carshop/index.php/Mobile/page/index/cateid/89
INFO: [ app_init ] --START--
INFO: Run Behavior\BuildLiteBehavior [ RunTime:0.000000s ]
INFO: [ app_init ] --END-- [ RunTime:0.002000s ]
INFO: [ app_begin ] --START--
INFO: Run Behavior\ReadHtmlCacheBehavior [ RunTime:0.004001s ]
INFO: [ app_begin ] --END-- [ RunTime:0.004001s ]
SQL: SHOW COLUMNS FROM `cs_cate` [ RunTime:0.0180s ]
SQL: SELECT `name` FROM `cs_cate` WHERE `id` = 89 LIMIT 1   [ RunTime:0.0020s ]
SQL: SELECT * FROM `cs_cate` WHERE ( pc=0 ) ORDER BY id asc  [ RunTime:0.0030s ]
SQL: SELECT `content` FROM `cs_cate` WHERE `id` = 89 LIMIT 1   [ RunTime:0.0010s ]
INFO: [ view_parse ] --START--
INFO: [ template_filter ] --START--
INFO: Run Behavior\ContentReplaceBehavior [ RunTime:0.000000s ]
INFO: [ template_filter ] --END-- [ RunTime:0.000000s ]
INFO: Run Behavior\ParseTemplateBehavior [ RunTime:0.038002s ]
INFO: [ view_parse ] --END-- [ RunTime:0.038002s ]
INFO: [ view_filter ] --START--
INFO: Run Behavior\WriteHtmlCacheBehavior [ RunTime:0.001001s ]
INFO: [ view_filter ] --END-- [ RunTime:0.003001s ]
INFO: [ app_end ] --START--
INFO: Run Behavior\ShowPageTraceBehavior [ RunTime:0.003000s ]
INFO: [ app_end ] --END-- [ RunTime:0.003000s ]

[ 2016-11-08T11:02:10+08:00 ] ::1 /carshop/Mobile
INFO: [ app_init ] --START--
INFO: Run Behavior\BuildLiteBehavior [ RunTime:0.000000s ]
INFO: [ app_init ] --END-- [ RunTime:0.002000s ]
INFO: [ app_begin ] --START--
INFO: Run Behavior\ReadHtmlCacheBehavior [ RunTime:0.003001s ]
INFO: [ app_begin ] --END-- [ RunTime:0.003001s ]
SQL: SHOW COLUMNS FROM `cs_cate` [ RunTime:0.0170s ]
SQL: SELECT * FROM `cs_cate` WHERE ( pc=0 ) ORDER BY id asc  [ RunTime:0.0020s ]
SQL: SHOW COLUMNS FROM `cs_article` [ RunTime:0.0170s ]
SQL: SELECT `id`,`title`,`rizu`,`pic` FROM `cs_article` WHERE ( cateid=93 ) ORDER BY id desc LIMIT 4   [ RunTime:0.0020s ]
SQL: SELECT `id`,`title`,`des`,`pic`,`time` FROM `cs_article` WHERE ( cateid=92 ) ORDER BY id desc LIMIT 3   [ RunTime:0.0020s ]
SQL: SELECT `id`,`title`,`time` FROM `cs_article` WHERE ( cateid=94 ) ORDER BY id desc LIMIT 4   [ RunTime:0.0010s ]
SQL: SHOW COLUMNS FROM `cs_message` [ RunTime:0.0190s ]
SQL: SELECT * FROM `cs_message` WHERE ( type=0 ) ORDER BY id desc LIMIT 5   [ RunTime:0.0020s ]
INFO: [ view_parse ] --START--
INFO: [ template_filter ] --START--
INFO: Run Behavior\ContentReplaceBehavior [ RunTime:0.001000s ]
INFO: [ template_filter ] --END-- [ RunTime:0.001000s ]
INFO: Run Behavior\ParseTemplateBehavior [ RunTime:0.063003s ]
INFO: [ view_parse ] --END-- [ RunTime:0.065003s ]
INFO: [ view_filter ] --START--
INFO: Run Behavior\WriteHtmlCacheBehavior [ RunTime:0.002001s ]
INFO: [ view_filter ] --END-- [ RunTime:0.002001s ]
INFO: [ app_end ] --START--
INFO: Run Behavior\ShowPageTraceBehavior [ RunTime:0.012000s ]
INFO: [ app_end ] --END-- [ RunTime:0.012000s ]

[ 2016-11-08T11:02:19+08:00 ] ::1 /carshop/Mobile
INFO: [ app_init ] --START--
INFO: Run Behavior\BuildLiteBehavior [ RunTime:0.000000s ]
INFO: [ app_init ] --END-- [ RunTime:0.001000s ]
INFO: [ app_begin ] --START--
INFO: Run Behavior\ReadHtmlCacheBehavior [ RunTime:0.003000s ]
INFO: [ app_begin ] --END-- [ RunTime:0.003000s ]
SQL: SHOW COLUMNS FROM `cs_cate` [ RunTime:0.0190s ]
SQL: SELECT * FROM `cs_cate` WHERE ( pc=0 ) ORDER BY id asc  [ RunTime:0.0040s ]
SQL: SHOW COLUMNS FROM `cs_article` [ RunTime:0.0220s ]
SQL: SELECT `id`,`title`,`rizu`,`pic` FROM `cs_article` WHERE ( cateid=93 ) ORDER BY id desc LIMIT 4   [ RunTime:0.0030s ]
SQL: SELECT `id`,`title`,`des`,`pic`,`time` FROM `cs_article` WHERE ( cateid=92 ) ORDER BY id desc LIMIT 3   [ RunTime:0.0020s ]
SQL: SELECT `id`,`title`,`time` FROM `cs_article` WHERE ( cateid=94 ) ORDER BY id desc LIMIT 4   [ RunTime:0.0010s ]
SQL: SHOW COLUMNS FROM `cs_message` [ RunTime:0.0170s ]
SQL: SELECT * FROM `cs_message` WHERE ( type=0 ) ORDER BY id desc LIMIT 5   [ RunTime:0.0020s ]
INFO: [ view_parse ] --START--
INFO: [ template_filter ] --START--
INFO: Run Behavior\ContentReplaceBehavior [ RunTime:0.001000s ]
INFO: [ template_filter ] --END-- [ RunTime:0.001000s ]
INFO: Run Behavior\ParseTemplateBehavior [ RunTime:0.068003s ]
INFO: [ view_parse ] --END-- [ RunTime:0.068003s ]
INFO: [ view_filter ] --START--
INFO: Run Behavior\WriteHtmlCacheBehavior [ RunTime:0.004000s ]
INFO: [ view_filter ] --END-- [ RunTime:0.004000s ]
INFO: [ app_end ] --START--
INFO: Run Behavior\ShowPageTraceBehavior [ RunTime:0.003000s ]
INFO: [ app_end ] --END-- [ RunTime:0.003000s ]

[ 2016-11-08T11:02:23+08:00 ] ::1 /carshop/index.php/Mobile/page/index/cateid/90
INFO: [ app_init ] --START--
INFO: Run Behavior\BuildLiteBehavior [ RunTime:0.000000s ]
INFO: [ app_init ] --END-- [ RunTime:0.002001s ]
INFO: [ app_begin ] --START--
INFO: Run Behavior\ReadHtmlCacheBehavior [ RunTime:0.003000s ]
INFO: [ app_begin ] --END-- [ RunTime:0.003000s ]
SQL: SHOW COLUMNS FROM `cs_cate` [ RunTime:0.0180s ]
SQL: SELECT `name` FROM `cs_cate` WHERE `id` = 90 LIMIT 1   [ RunTime:0.0010s ]
SQL: SELECT * FROM `cs_cate` WHERE ( pc=0 ) ORDER BY id asc  [ RunTime:0.0020s ]
SQL: SELECT `content` FROM `cs_cate` WHERE `id` = 90 LIMIT 1   [ RunTime:0.0010s ]
INFO: [ view_parse ] --START--
INFO: [ template_filter ] --START--
INFO: Run Behavior\ContentReplaceBehavior [ RunTime:0.000000s ]
INFO: [ template_filter ] --END-- [ RunTime:0.000000s ]
INFO: Run Behavior\ParseTemplateBehavior [ RunTime:0.040002s ]
INFO: [ view_parse ] --END-- [ RunTime:0.040002s ]
INFO: [ view_filter ] --START--
INFO: Run Behavior\WriteHtmlCacheBehavior [ RunTime:0.002000s ]
INFO: [ view_filter ] --END-- [ RunTime:0.003000s ]
INFO: [ app_end ] --START--
INFO: Run Behavior\ShowPageTraceBehavior [ RunTime:0.003000s ]
INFO: [ app_end ] --END-- [ RunTime:0.003000s ]

[ 2016-11-08T11:02:31+08:00 ] ::1 /carshop/index.php/Mobile/page/index/cateid/89
INFO: [ app_init ] --START--
INFO: Run Behavior\BuildLiteBehavior [ RunTime:0.001000s ]
INFO: [ app_init ] --END-- [ RunTime:0.002000s ]
INFO: [ app_begin ] --START--
INFO: Run Behavior\ReadHtmlCacheBehavior [ RunTime:0.003000s ]
INFO: [ app_begin ] --END-- [ RunTime:0.003000s ]
SQL: SHOW COLUMNS FROM `cs_cate` [ RunTime:0.0180s ]
SQL: SELECT `name` FROM `cs_cate` WHERE `id` = 89 LIMIT 1   [ RunTime:0.0010s ]
SQL: SELECT * FROM `cs_cate` WHERE ( pc=0 ) ORDER BY id asc  [ RunTime:0.0020s ]
SQL: SELECT `content` FROM `cs_cate` WHERE `id` = 89 LIMIT 1   [ RunTime:0.0010s ]
INFO: [ view_parse ] --START--
INFO: [ template_filter ] --START--
INFO: Run Behavior\ContentReplaceBehavior [ RunTime:0.000000s ]
INFO: [ template_filter ] --END-- [ RunTime:0.000000s ]
INFO: Run Behavior\ParseTemplateBehavior [ RunTime:0.036002s ]
INFO: [ view_parse ] --END-- [ RunTime:0.037002s ]
INFO: [ view_filter ] --START--
INFO: Run Behavior\WriteHtmlCacheBehavior [ RunTime:0.002000s ]
INFO: [ view_filter ] --END-- [ RunTime:0.002000s ]
INFO: [ app_end ] --START--
INFO: Run Behavior\ShowPageTraceBehavior [ RunTime:0.002000s ]
INFO: [ app_end ] --END-- [ RunTime:0.002000s ]

[ 2016-11-08T11:02:46+08:00 ] ::1 /carshop/index.php/Mobile/arlist/index/cateid/91
INFO: [ app_init ] --START--
INFO: Run Behavior\BuildLiteBehavior [ RunTime:0.000000s ]
INFO: [ app_init ] --END-- [ RunTime:0.002000s ]
INFO: [ app_begin ] --START--
INFO: Run Behavior\ReadHtmlCacheBehavior [ RunTime:0.004000s ]
INFO: [ app_begin ] --END-- [ RunTime:0.004000s ]
SQL: SHOW COLUMNS FROM `cs_cate` [ RunTime:0.0210s ]
SQL: SELECT `name` FROM `cs_cate` WHERE `id` = 91 LIMIT 1   [ RunTime:0.0010s ]
SQL: SELECT * FROM `cs_cate` WHERE ( pc=0 ) ORDER BY id asc  [ RunTime:0.0020s ]
INFO: [ view_parse ] --START--
INFO: [ template_filter ] --START--
INFO: Run Behavior\ContentReplaceBehavior [ RunTime:0.000000s ]
INFO: [ template_filter ] --END-- [ RunTime:0.001000s ]
INFO: Run Behavior\ParseTemplateBehavior [ RunTime:0.038003s ]
INFO: [ view_parse ] --END-- [ RunTime:0.038003s ]
INFO: [ view_filter ] --START--
INFO: Run Behavior\WriteHtmlCacheBehavior [ RunTime:0.002000s ]
INFO: [ view_filter ] --END-- [ RunTime:0.003000s ]
INFO: [ app_end ] --START--
INFO: Run Behavior\ShowPageTraceBehavior [ RunTime:0.003000s ]
INFO: [ app_end ] --END-- [ RunTime:0.003000s ]

[ 2016-11-08T11:02:48+08:00 ] ::1 /carshop/index.php/Mobile/Arlist/getlist/p/1/cateid/91
INFO: [ app_init ] --START--
INFO: Run Behavior\BuildLiteBehavior [ RunTime:0.000000s ]
INFO: [ app_init ] --END-- [ RunTime:0.002000s ]
INFO: [ app_begin ] --START--
INFO: Run Behavior\ReadHtmlCacheBehavior [ RunTime:0.004000s ]
INFO: [ app_begin ] --END-- [ RunTime:0.005000s ]
SQL: SHOW COLUMNS FROM `cs_cate` [ RunTime:0.0180s ]
SQL: SELECT `name` FROM `cs_cate` WHERE `id` = 91 LIMIT 1   [ RunTime:0.0010s ]
SQL: SELECT * FROM `cs_cate` WHERE ( pc=0 ) ORDER BY id asc  [ RunTime:0.0020s ]
SQL: SHOW COLUMNS FROM `cs_article` [ RunTime:0.0170s ]
SQL: SELECT * FROM cs_article WHERE cateid=91 LIMIT 0,5 [ RunTime:0.0010s ]
INFO: [ app_end ] --START--
INFO: Run Behavior\ShowPageTraceBehavior [ RunTime:0.003000s ]
INFO: [ app_end ] --END-- [ RunTime:0.004000s ]

[ 2016-11-08T11:03:08+08:00 ] ::1 /carshop/index.php/Mobile/Arlist/getlist/p/2/cateid/91
INFO: [ app_init ] --START--
INFO: Run Behavior\BuildLiteBehavior [ RunTime:0.000000s ]
INFO: [ app_init ] --END-- [ RunTime:0.001001s ]
INFO: [ app_begin ] --START--
INFO: Run Behavior\ReadHtmlCacheBehavior [ RunTime:0.002000s ]
INFO: [ app_begin ] --END-- [ RunTime:0.002000s ]
SQL: SHOW COLUMNS FROM `cs_cate` [ RunTime:0.0170s ]
SQL: SELECT `name` FROM `cs_cate` WHERE `id` = 91 LIMIT 1   [ RunTime:0.0010s ]
SQL: SELECT * FROM `cs_cate` WHERE ( pc=0 ) ORDER BY id asc  [ RunTime:0.0030s ]
SQL: SHOW COLUMNS FROM `cs_article` [ RunTime:0.0190s ]
SQL: SELECT * FROM cs_article WHERE cateid=91 LIMIT 5,5 [ RunTime:0.0020s ]
INFO: [ app_end ] --START--
INFO: Run Behavior\ShowPageTraceBehavior [ RunTime:0.002000s ]
INFO: [ app_end ] --END-- [ RunTime:0.003000s ]

[ 2016-11-08T11:03:11+08:00 ] ::1 /carshop/index.php/Mobile/Arlist/getlist/p/3/cateid/91
INFO: [ app_init ] --START--
INFO: Run Behavior\BuildLiteBehavior [ RunTime:0.000000s ]
INFO: [ app_init ] --END-- [ RunTime:0.002000s ]
INFO: [ app_begin ] --START--
INFO: Run Behavior\ReadHtmlCacheBehavior [ RunTime:0.002000s ]
INFO: [ app_begin ] --END-- [ RunTime:0.002000s ]
SQL: SHOW COLUMNS FROM `cs_cate` [ RunTime:0.0190s ]
SQL: SELECT `name` FROM `cs_cate` WHERE `id` = 91 LIMIT 1   [ RunTime:0.0010s ]
SQL: SELECT * FROM `cs_cate` WHERE ( pc=0 ) ORDER BY id asc  [ RunTime:0.0020s ]
SQL: SHOW COLUMNS FROM `cs_article` [ RunTime:0.0180s ]
SQL: SELECT * FROM cs_article WHERE cateid=91 LIMIT 10,5 [ RunTime:0.0010s ]
INFO: [ app_end ] --START--
INFO: Run Behavior\ShowPageTraceBehavior [ RunTime:0.003000s ]
INFO: [ app_end ] --END-- [ RunTime:0.003000s ]

[ 2016-11-08T11:03:19+08:00 ] ::1 /carshop/index.php/Mobile/Search/index/?kws=%E6%B1%BD%E8%BD%A6
INFO: [ app_init ] --START--
INFO: Run Behavior\BuildLiteBehavior [ RunTime:0.000000s ]
INFO: [ app_init ] --END-- [ RunTime:0.003000s ]
INFO: [ app_begin ] --START--
INFO: Run Behavior\ReadHtmlCacheBehavior [ RunTime:0.003000s ]
INFO: [ app_begin ] --END-- [ RunTime:0.003000s ]
SQL: SHOW COLUMNS FROM `cs_cate` [ RunTime:0.0180s ]
SQL: SELECT * FROM `cs_cate` WHERE ( pc=0 ) ORDER BY id asc  [ RunTime:0.0020s ]
SQL: SHOW COLUMNS FROM `cs_article` [ RunTime:0.0170s ]
SQL: SELECT COUNT(*) AS tp_count FROM `cs_article` WHERE ( 1 AND title LIKE "%汽车%" AND cateid =93 ) LIMIT 1   [ RunTime:0.0030s ]
INFO: [ view_parse ] --START--
INFO: [ template_filter ] --START--
INFO: Run Behavior\ContentReplaceBehavior [ RunTime:0.001000s ]
INFO: [ template_filter ] --END-- [ RunTime:0.001000s ]
NOTIC: [8] Undefined variable: catename D:\WWW\carshop\Application\Runtime\Cache\Mobile\9fd765e6b59ac75d36ceaddcd41efd03.php 第 48 行.
INFO: Run Behavior\ParseTemplateBehavior [ RunTime:0.042002s ]
INFO: [ view_parse ] --END-- [ RunTime:0.042002s ]
INFO: [ view_filter ] --START--
INFO: Run Behavior\WriteHtmlCacheBehavior [ RunTime:0.002001s ]
INFO: [ view_filter ] --END-- [ RunTime:0.003001s ]
INFO: [ app_end ] --START--
INFO: Run Behavior\ShowPageTraceBehavior [ RunTime:0.003000s ]
INFO: [ app_end ] --END-- [ RunTime:0.003000s ]

[ 2016-11-08T11:03:20+08:00 ] ::1 /carshop/index.php/Mobile/Search/getlist/p/1/kws/%E6%B1%BD%E8%BD%A6
INFO: [ app_init ] --START--
INFO: Run Behavior\BuildLiteBehavior [ RunTime:0.000000s ]
INFO: [ app_init ] --END-- [ RunTime:0.003000s ]
INFO: [ app_begin ] --START--
INFO: Run Behavior\ReadHtmlCacheBehavior [ RunTime:0.003000s ]
INFO: [ app_begin ] --END-- [ RunTime:0.003000s ]
SQL: SHOW COLUMNS FROM `cs_cate` [ RunTime:0.0170s ]
SQL: SELECT * FROM `cs_cate` WHERE ( pc=0 ) ORDER BY id asc  [ RunTime:0.0020s ]
SQL: SHOW COLUMNS FROM `cs_article` [ RunTime:0.0170s ]
SQL: SELECT * FROM cs_article WHERE title LIKE '%汽车%' AND cateid=93 LIMIT 0,2 [ RunTime:0.0020s ]
INFO: [ app_end ] --START--
INFO: Run Behavior\ShowPageTraceBehavior [ RunTime:0.003000s ]
INFO: [ app_end ] --END-- [ RunTime:0.003000s ]

[ 2016-11-08T11:03:33+08:00 ] ::1 /carshop/index.php/mobile
INFO: [ app_init ] --START--
INFO: Run Behavior\BuildLiteBehavior [ RunTime:0.000000s ]
INFO: [ app_init ] --END-- [ RunTime:0.002000s ]
INFO: [ app_begin ] --START--
INFO: Run Behavior\ReadHtmlCacheBehavior [ RunTime:0.002000s ]
INFO: [ app_begin ] --END-- [ RunTime:0.002000s ]
SQL: SHOW COLUMNS FROM `cs_cate` [ RunTime:0.0190s ]
SQL: SELECT * FROM `cs_cate` WHERE ( pc=0 ) ORDER BY id asc  [ RunTime:0.0020s ]
SQL: SHOW COLUMNS FROM `cs_article` [ RunTime:0.0180s ]
SQL: SELECT `id`,`title`,`rizu`,`pic` FROM `cs_article` WHERE ( cateid=93 ) ORDER BY id desc LIMIT 4   [ RunTime:0.0060s ]
SQL: SELECT `id`,`title`,`des`,`pic`,`time` FROM `cs_article` WHERE ( cateid=92 ) ORDER BY id desc LIMIT 3   [ RunTime:0.0020s ]
SQL: SELECT `id`,`title`,`time` FROM `cs_article` WHERE ( cateid=94 ) ORDER BY id desc LIMIT 4   [ RunTime:0.0020s ]
SQL: SHOW COLUMNS FROM `cs_message` [ RunTime:0.0170s ]
SQL: SELECT * FROM `cs_message` WHERE ( type=0 ) ORDER BY id desc LIMIT 5   [ RunTime:0.0010s ]
INFO: [ view_parse ] --START--
INFO: [ template_filter ] --START--
INFO: Run Behavior\ContentReplaceBehavior [ RunTime:0.000000s ]
INFO: [ template_filter ] --END-- [ RunTime:0.000000s ]
INFO: Run Behavior\ParseTemplateBehavior [ RunTime:0.063003s ]
INFO: [ view_parse ] --END-- [ RunTime:0.063003s ]
INFO: [ view_filter ] --START--
INFO: Run Behavior\WriteHtmlCacheBehavior [ RunTime:0.002000s ]
INFO: [ view_filter ] --END-- [ RunTime:0.002000s ]
INFO: [ app_end ] --START--
INFO: Run Behavior\ShowPageTraceBehavior [ RunTime:0.003001s ]
INFO: [ app_end ] --END-- [ RunTime:0.003001s ]

